Arguments: 
  d:\Program Files\nodejs\node.exe C:\Users\10580\AppData\Roaming\npm\node_modules\yarn\bin\yarn.js add cross-env

PATH: 
  C:\WINDOWS\system32;C:\WINDOWS;C:\WINDOWS\System32\Wbem;C:\WINDOWS\System32\WindowsPowerShell\v1.0\;C:\WINDOWS\System32\OpenSSH\;d:\Program Files\Git\cmd;D:\Program Files (x86)\NetSarang\Xftp 7\;D:\Program Files (x86)\NetSarang\Xshell 7\;%NVM_HOME%;%NVM_SYMLINK%;C:\Users\10580\AppData\Local\Programs\Python\Launcher\;C:\Users\10580\AppData\Local\Microsoft\WindowsApps;C:\Users\10580\AppData\Roaming\npm;d:\Users\10580\AppData\Local\Programs\Microsoft VS Code\bin;d:\Users\10580\AppData\Roaming\nvm;d:\Program Files\nodejs

Yarn version: 
  1.22.19

Node version: 
  20.8.1

Platform: 
  win32 x64

Trace: 
  Error: ENOENT: no such file or directory, copyfile 'C:\Users\10580\AppData\Local\Yarn\Cache\v6\npm-regenerator-runtime-0.14.0-5e19d68eb12d486f797e15a3c6a918f7cec5eb45-integrity\node_modules\regenerator-runtime\LICENSE' -> 'D:\scratch\electron_st\node_modules\@babel\runtime\node_modules\regenerator-runtime\LICENSE'

npm manifest: 
  {
    "name": "electron_st",
    "version": "1.0.4",
    "description": "",
    "main": "index.js",
    "scripts": {
      "start": "nodemon --watch index.js --exec electron .",
      "build-icon": "electron-icon-builder --input=./public/icon.png --output=build --flatten",
      "pack": "electron-builder",
      "release": "cross-env GH_TOKEN=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 electron-builder",
      "test": "echo \"Error: no test specified\" && exit 1"
    },
    "author": "floweryan",
    "license": "MIT",
    "dependencies": {
      "electron-updater": "^6.1.4"
     
    },
    "devDependencies": {
      "electron": "^26.4.0",
      "electron-builder": "^24.6.4",
      "electron-icon-builder": "^2.0.1",
      "electron-updater": "^6.1.4",
      "nodemon": "^3.0.1"
    },
    "build": {
      "appId": "this.is.tasky",
      "productName": "Tasky",
      "copyright": "Copyright © 2021 Alaso",
      "directories": {
        "buildResources": "build",
        "output": "dist"
      },
      "nsis": {
        "oneClick": false,               
        "language": "2052",             
        "perMachine": true,              
        "allowToChangeInstallationDirectory": true   
    
      },
      "publish": ["github"]
    }
  }

yarn manifest: 
  No manifest

Lockfile: 
  No lockfile
